SF:/Users/kyurichev/Documents/Dev/Tools/LocalizeChecker/.build/arm64-apple-macosx/debug/LocalizeCheckerTests.build/DerivedSources/resource_bundle_accessor.swift
FN:4,$sSo8NSBundleC20LocalizeCheckerTestsE6moduleABvpZfiAByXEfU_
FN:11,$sSo8NSBundleC20LocalizeCheckerTestsE6moduleABvpZfiAByXEfU_SSyXEfu0_
FN:10,$sSo8NSBundleC20LocalizeCheckerTestsE6moduleABvpZfiAByXEfU_ABSgyKXEfu_
FNDA:1,$sSo8NSBundleC20LocalizeCheckerTestsE6moduleABvpZfiAByXEfU_
FNDA:0,$sSo8NSBundleC20LocalizeCheckerTestsE6moduleABvpZfiAByXEfU_SSyXEfu0_
FNDA:1,$sSo8NSBundleC20LocalizeCheckerTestsE6moduleABvpZfiAByXEfU_ABSgyKXEfu_
FNF:3
FNH:2
DA:4,1
DA:5,1
DA:6,1
DA:7,1
DA:8,1
DA:9,1
DA:10,1
DA:11,0
DA:12,1
DA:13,1
DA:14,1
DA:15,1
BRF:0
BFH:0
LF:14
LH:12
end_of_record
SF:/Users/kyurichev/Documents/Dev/Tools/LocalizeChecker/Sources/LocalizeChecker/Checker/ErrorMessage.swift
FN:13,$s15LocalizeChecker12ErrorMessageV12baseFilenameSSvg
FN:17,$s15LocalizeChecker12ErrorMessageV11descriptionSSvg
FN:27,$s15LocalizeChecker12ErrorMessageV5entryACSgAA0A5EntryV_tcfC
FN:46,$s15LocalizeChecker0A5EntryV12errorMessageAA05ErrorE0VSgvg
FNDA:901,$s15LocalizeChecker12ErrorMessageV12baseFilenameSSvg
FNDA:2,$s15LocalizeChecker12ErrorMessageV11descriptionSSvg
FNDA:923,$s15LocalizeChecker12ErrorMessageV5entryACSgAA0A5EntryV_tcfC
FNDA:923,$s15LocalizeChecker0A5EntryV12errorMessageAA05ErrorE0VSgvg
FNF:4
FNH:4
DA:13,901
DA:14,901
DA:15,901
DA:17,2
DA:18,2
DA:19,2
DA:20,2
DA:21,2
DA:27,923
DA:28,923
DA:29,923
DA:30,923
DA:31,923
DA:32,923
DA:33,0
DA:34,923
DA:35,923
DA:36,923
DA:37,923
DA:38,923
DA:39,923
DA:40,923
DA:46,923
DA:47,923
DA:48,923
BRF:0
BFH:0
LF:25
LH:24
end_of_record
SF:/Users/kyurichev/Documents/Dev/Tools/LocalizeChecker/Sources/LocalizeChecker/Checker/SourceFileBatchChecker.swift
FN:9,$s15LocalizeChecker015SourceFileBatchB0C7reportsScsyAA12ErrorMessageVs0G0_pGvg
FN:15,$s15LocalizeChecker015SourceFileBatchB0C10getReportsSayAA12ErrorMessageVGyKF
FN:21,$s15LocalizeChecker015SourceFileBatchB0C14processedFiless16AsyncMapSequenceVyScsyAA12ErrorMessageVs0K0_pGSSGvg
FN:22,$s15LocalizeChecker015SourceFileBatchB0C14processedFiless16AsyncMapSequenceVyScsyAA12ErrorMessageVs0K0_pGSSGvgSSAHcs7KeyPathCyAHSSGcfu_
FN:22,$s15LocalizeChecker015SourceFileBatchB0C14processedFiless16AsyncMapSequenceVyScsyAA12ErrorMessageVs0K0_pGSSGvgSSAHcs7KeyPathCyAHSSGcfu_SSAHcfu0_
FN:32,$s15LocalizeChecker015SourceFileBatchB0C11sourceFiles014localizeBundleD0ACSaySSG_10Foundation3URLVtcfc
FN:37,$s15LocalizeChecker015SourceFileBatchB0C6chunks33_1368B7E36183282CA509C2DABCC47AD4LLSays10ArraySliceVySSGGvg
FN:40,$s15LocalizeChecker015SourceFileBatchB0C6chunks33_1368B7E36183282CA509C2DABCC47AD4LLSays10ArraySliceVySSGGvgAHSiXEfU_
FN:45,$s15LocalizeChecker015SourceFileBatchB0C9chunkSize33_1368B7E36183282CA509C2DABCC47AD4LLSivg
FN:55,$s15LocalizeChecker015SourceFileBatchB0C3runScsyAA12ErrorMessageVs0G0_pGyKF
FN:57,$s15LocalizeChecker015SourceFileBatchB0C3runScsyAA12ErrorMessageVs0G0_pGyKFyScs12ContinuationVyAFsAG_p_GXEfU_
FN:58,$s15LocalizeChecker015SourceFileBatchB0C3runScsyAA12ErrorMessageVs0G0_pGyKFyScs12ContinuationVyAFsAG_p_GXEfU_yyYaYbcfU_
FN:59,$s15LocalizeChecker015SourceFileBatchB0C3runScsyAA12ErrorMessageVs0G0_pGyKFyScs12ContinuationVyAFsAG_p_GXEfU_yyYaYbcfU_yScgySayAFGsAG_pGzYaXEfU_
FN:61,$s15LocalizeChecker015SourceFileBatchB0C3runScsyAA12ErrorMessageVs0G0_pGyKFyScs12ContinuationVyAFsAG_p_GXEfU_yyYaYbcfU_yScgySayAFGsAG_pGzYaXEfU_ALyYaYbKcfU_
FN:71,$s15LocalizeChecker015SourceFileBatchB0C3runScsyAA12ErrorMessageVs0G0_pGyKFyScs12ContinuationVyAFsAG_p_GXEfU_yyYaYbcfU_yScgySayAFGsAG_pGzYaXEfU_yAFXEfU0_
FN:85,$s15LocalizeChecker015SourceFileBatchB0C7syncRunSayAA12ErrorMessageVGyKF
FN:95,$s15LocalizeChecker015SourceFileBatchB0C07processE033_1368B7E36183282CA509C2DABCC47AD4LL02ofC5Files2inSayAA12ErrorMessageVGSaySSG_AA0A6BundleCtKF
FN:96,$s15LocalizeChecker015SourceFileBatchB0C07processE033_1368B7E36183282CA509C2DABCC47AD4LL02ofC5Files2inSayAA12ErrorMessageVGSaySSG_AA0A6BundleCtKF10Foundation3URLVSShcfu_
FN:97,$s15LocalizeChecker015SourceFileBatchB0C07processE033_1368B7E36183282CA509C2DABCC47AD4LL02ofC5Files2inSayAA12ErrorMessageVGSaySSG_AA0A6BundleCtKFAA0cdB0C10Foundation3URLVKXEfU_
FN:104,$s15LocalizeChecker015SourceFileBatchB0C07processE033_1368B7E36183282CA509C2DABCC47AD4LL02ofC5Files2inSayAA12ErrorMessageVGSaySSG_AA0A6BundleCtKFAjA0cdB0Ccs7KeyPathCyAoJGcfu0_
FN:104,$s15LocalizeChecker015SourceFileBatchB0C07processE033_1368B7E36183282CA509C2DABCC47AD4LL02ofC5Files2inSayAA12ErrorMessageVGSaySSG_AA0A6BundleCtKFAjA0cdB0Ccs7KeyPathCyAoJGcfu0_AjOcfu1_
FNDA:4,$s15LocalizeChecker015SourceFileBatchB0C7reportsScsyAA12ErrorMessageVs0G0_pGvg
FNDA:0,$s15LocalizeChecker015SourceFileBatchB0C10getReportsSayAA12ErrorMessageVGyKF
FNDA:2,$s15LocalizeChecker015SourceFileBatchB0C14processedFiless16AsyncMapSequenceVyScsyAA12ErrorMessageVs0K0_pGSSGvg
FNDA:2,$s15LocalizeChecker015SourceFileBatchB0C14processedFiless16AsyncMapSequenceVyScsyAA12ErrorMessageVs0K0_pGSSGvgSSAHcs7KeyPathCyAHSSGcfu_
FNDA:901,$s15LocalizeChecker015SourceFileBatchB0C14processedFiless16AsyncMapSequenceVyScsyAA12ErrorMessageVs0K0_pGSSGvgSSAHcs7KeyPathCyAHSSGcfu_SSAHcfu0_
FNDA:4,$s15LocalizeChecker015SourceFileBatchB0C11sourceFiles014localizeBundleD0ACSaySSG_10Foundation3URLVtcfc
FNDA:4,$s15LocalizeChecker015SourceFileBatchB0C6chunks33_1368B7E36183282CA509C2DABCC47AD4LLSays10ArraySliceVySSGGvg
FNDA:40,$s15LocalizeChecker015SourceFileBatchB0C6chunks33_1368B7E36183282CA509C2DABCC47AD4LLSays10ArraySliceVySSGGvgAHSiXEfU_
FNDA:44,$s15LocalizeChecker015SourceFileBatchB0C9chunkSize33_1368B7E36183282CA509C2DABCC47AD4LLSivg
FNDA:4,$s15LocalizeChecker015SourceFileBatchB0C3runScsyAA12ErrorMessageVs0G0_pGyKF
FNDA:4,$s15LocalizeChecker015SourceFileBatchB0C3runScsyAA12ErrorMessageVs0G0_pGyKFyScs12ContinuationVyAFsAG_p_GXEfU_
FNDA:4,$s15LocalizeChecker015SourceFileBatchB0C3runScsyAA12ErrorMessageVs0G0_pGyKFyScs12ContinuationVyAFsAG_p_GXEfU_yyYaYbcfU_
FNDA:4,$s15LocalizeChecker015SourceFileBatchB0C3runScsyAA12ErrorMessageVs0G0_pGyKFyScs12ContinuationVyAFsAG_p_GXEfU_yyYaYbcfU_yScgySayAFGsAG_pGzYaXEfU_
FNDA:40,$s15LocalizeChecker015SourceFileBatchB0C3runScsyAA12ErrorMessageVs0G0_pGyKFyScs12ContinuationVyAFsAG_p_GXEfU_yyYaYbcfU_yScgySayAFGsAG_pGzYaXEfU_ALyYaYbKcfU_
FNDA:922,$s15LocalizeChecker015SourceFileBatchB0C3runScsyAA12ErrorMessageVs0G0_pGyKFyScs12ContinuationVyAFsAG_p_GXEfU_yyYaYbcfU_yScgySayAFGsAG_pGzYaXEfU_yAFXEfU0_
FNDA:0,$s15LocalizeChecker015SourceFileBatchB0C7syncRunSayAA12ErrorMessageVGyKF
FNDA:40,$s15LocalizeChecker015SourceFileBatchB0C07processE033_1368B7E36183282CA509C2DABCC47AD4LL02ofC5Files2inSayAA12ErrorMessageVGSaySSG_AA0A6BundleCtKF
FNDA:934,$s15LocalizeChecker015SourceFileBatchB0C07processE033_1368B7E36183282CA509C2DABCC47AD4LL02ofC5Files2inSayAA12ErrorMessageVGSaySSG_AA0A6BundleCtKF10Foundation3URLVSShcfu_
FNDA:943,$s15LocalizeChecker015SourceFileBatchB0C07processE033_1368B7E36183282CA509C2DABCC47AD4LL02ofC5Files2inSayAA12ErrorMessageVGSaySSG_AA0A6BundleCtKFAA0cdB0C10Foundation3URLVKXEfU_
FNDA:40,$s15LocalizeChecker015SourceFileBatchB0C07processE033_1368B7E36183282CA509C2DABCC47AD4LL02ofC5Files2inSayAA12ErrorMessageVGSaySSG_AA0A6BundleCtKFAjA0cdB0Ccs7KeyPathCyAoJGcfu0_
FNDA:943,$s15LocalizeChecker015SourceFileBatchB0C07processE033_1368B7E36183282CA509C2DABCC47AD4LL02ofC5Files2inSayAA12ErrorMessageVGSaySSG_AA0A6BundleCtKFAjA0cdB0Ccs7KeyPathCyAoJGcfu0_AjOcfu1_
FNF:19
FNH:17
DA:9,4
DA:10,4
DA:11,4
DA:15,0
DA:16,0
DA:17,0
DA:21,2
DA:22,903
DA:23,2
DA:32,4
DA:33,4
DA:34,4
DA:35,4
DA:37,4
DA:38,4
DA:39,4
DA:40,40
DA:41,40
DA:42,40
DA:43,4
DA:45,44
DA:46,44
DA:47,44
DA:48,44
DA:49,44
DA:50,44
DA:51,44
DA:55,4
DA:56,4
DA:57,4
DA:58,4
DA:59,4
DA:60,40
DA:61,40
DA:62,40
DA:63,40
DA:64,40
DA:65,40
DA:66,40
DA:67,40
DA:68,4
DA:69,4
DA:70,40
DA:71,922
DA:72,922
DA:73,922
DA:74,40
DA:75,4
DA:76,4
DA:77,0
DA:78,4
DA:79,4
DA:80,4
DA:81,4
DA:82,4
DA:85,0
DA:86,0
DA:87,0
DA:88,0
DA:89,0
DA:90,0
DA:91,0
DA:92,0
DA:93,0
DA:95,40
DA:96,934
DA:97,943
DA:98,943
DA:99,943
DA:100,943
DA:101,943
DA:102,943
DA:103,40
DA:104,983
DA:105,40
BRF:0
BFH:0
LF:162
LH:149
end_of_record
SF:/Users/kyurichev/Documents/Dev/Tools/LocalizeChecker/Sources/LocalizeChecker/Checker/SourceFileChecker.swift
FN:7,$s15LocalizeChecker010SourceFileB0C6errorsSayAA12ErrorMessageVGvpfi
FN:12,$s15LocalizeChecker010SourceFileB0C7fileUrl14localizeBundleAC10Foundation3URLV_AA0aH0CtKcfc
FN:17,$s15LocalizeChecker010SourceFileB0C5startyyKF
FN:26,$s15LocalizeChecker010SourceFileB0C5startyyKFSbAA0A5EntryVcACcfu_
FN:26,$s15LocalizeChecker010SourceFileB0C5startyyKFSbAA0A5EntryVcACcfu_SbAFcfu0_
FN:27,$s15LocalizeChecker010SourceFileB0C5startyyKFAA12ErrorMessageVSgAA0A5EntryVcs7KeyPathCyAiGGcfu1_
FN:27,$s15LocalizeChecker010SourceFileB0C5startyyKFAA12ErrorMessageVSgAA0A5EntryVcs7KeyPathCyAiGGcfu1_AgIcfu2_
FN:34,$s15LocalizeChecker010SourceFileB0C9fastCheck33_511DB174C7ED7EF3B8F36FEA2E3CEBC6LLSbyKF
FN:44,$s15LocalizeChecker010SourceFileB0C17notExistsInBundle33_511DB174C7ED7EF3B8F36FEA2E3CEBC6LLySbAA0A5EntryVF
FNDA:946,$s15LocalizeChecker010SourceFileB0C6errorsSayAA12ErrorMessageVGvpfi
FNDA:946,$s15LocalizeChecker010SourceFileB0C7fileUrl14localizeBundleAC10Foundation3URLV_AA0aH0CtKcfc
FNDA:946,$s15LocalizeChecker010SourceFileB0C5startyyKF
FNDA:946,$s15LocalizeChecker010SourceFileB0C5startyyKFSbAA0A5EntryVcACcfu_
FNDA:945,$s15LocalizeChecker010SourceFileB0C5startyyKFSbAA0A5EntryVcACcfu_SbAFcfu0_
FNDA:946,$s15LocalizeChecker010SourceFileB0C5startyyKFAA12ErrorMessageVSgAA0A5EntryVcs7KeyPathCyAiGGcfu1_
FNDA:923,$s15LocalizeChecker010SourceFileB0C5startyyKFAA12ErrorMessageVSgAA0A5EntryVcs7KeyPathCyAiGGcfu1_AgIcfu2_
FNDA:946,$s15LocalizeChecker010SourceFileB0C9fastCheck33_511DB174C7ED7EF3B8F36FEA2E3CEBC6LLSbyKF
FNDA:945,$s15LocalizeChecker010SourceFileB0C17notExistsInBundle33_511DB174C7ED7EF3B8F36FEA2E3CEBC6LLySbAA0A5EntryVF
FNF:7
FNH:7
DA:7,946
DA:12,946
DA:13,946
DA:14,946
DA:15,946
DA:17,946
DA:18,946
DA:19,946
DA:20,946
DA:21,946
DA:22,946
DA:23,946
DA:24,946
DA:25,946
DA:26,1891
DA:27,1869
DA:28,946
DA:34,946
DA:35,946
DA:36,946
DA:44,945
DA:45,945
DA:46,945
BRF:0
BFH:0
LF:25
LH:25
end_of_record
SF:/Users/kyurichev/Documents/Dev/Tools/LocalizeChecker/Sources/LocalizeChecker/Data source/LocalizeBundle.swift
FN:14,$s15LocalizeChecker0A6BundleC7fileUrlAC10Foundation3URLV_tcfc
FN:20,$s15LocalizeChecker0A6BundleC13directoryPathACSS_tKcfc
FN:25,$s15LocalizeChecker0A6BundleC13directoryPathACSS_tKcfcySDySSypGz_SStKXEfU_
FN:32,$s15LocalizeChecker0A6BundleC13directoryPathACSS_tKcfcySDySSypGz_SStKXEfU_ypyp_yptXEfU_
FN:35,$s15LocalizeChecker0A6BundleC13directoryPathACSS_tKcfcySDySSypGz_SStKXEfU_AEyKXEfu_
FN:36,$s15LocalizeChecker0A6BundleC13directoryPathACSS_tKcfcySDySSypGz_SStKXEfU_ypyp_yptXEfU0_
FN:45,$s15LocalizeChecker0A6BundleCyypSgSScig
FN:55,$s15LocalizeChecker0A6BundleC12parseStrings33_A94F705F33B67A5CC3EDD151D76AA326LL7fileUrlSDyS2SG10Foundation3URLV_tFZ
FN:57,$s15LocalizeChecker0A6BundleC12parseStrings33_A94F705F33B67A5CC3EDD151D76AA326LL7fileUrlSDyS2SG10Foundation3URLV_tFZAGSScACmcfu_
FN:57,$s15LocalizeChecker0A6BundleC12parseStrings33_A94F705F33B67A5CC3EDD151D76AA326LL7fileUrlSDyS2SG10Foundation3URLV_tFZAGSScACmcfu_AGSScfu0_
FN:57,$s15LocalizeChecker0A6BundleC12parseStrings33_A94F705F33B67A5CC3EDD151D76AA326LL7fileUrlSDyS2SG10Foundation3URLV_tFZAGyKXEfu1_
FN:60,$s15LocalizeChecker0A6BundleC12parseStrings33_A94F705F33B67A5CC3EDD151D76AA326LL7contentSDyS2SGSS_tFZ
FN:63,$s15LocalizeChecker0A6BundleC12parseStrings33_A94F705F33B67A5CC3EDD151D76AA326LL7contentSDyS2SGSS_tFZyAGz_SstXEfU_
FN:66,$s15LocalizeChecker0A6BundleC12parseStrings33_A94F705F33B67A5CC3EDD151D76AA326LL7contentSDyS2SGSS_tFZyAGz_SstXEfU_SSSshcfu_
FN:67,$s15LocalizeChecker0A6BundleC12parseStrings33_A94F705F33B67A5CC3EDD151D76AA326LL7contentSDyS2SGSS_tFZyAGz_SstXEfU_S2ScACmcfu0_
FN:67,$s15LocalizeChecker0A6BundleC12parseStrings33_A94F705F33B67A5CC3EDD151D76AA326LL7contentSDyS2SGSS_tFZyAGz_SstXEfU_S2ScACmcfu0_S2Scfu1_
FN:68,$s15LocalizeChecker0A6BundleC12parseStrings33_A94F705F33B67A5CC3EDD151D76AA326LL7contentSDyS2SGSS_tFZyAGz_SstXEfU_S2ScACmcfu2_
FN:68,$s15LocalizeChecker0A6BundleC12parseStrings33_A94F705F33B67A5CC3EDD151D76AA326LL7contentSDyS2SGSS_tFZyAGz_SstXEfU_S2ScACmcfu2_S2Scfu3_
FN:77,$s15LocalizeChecker0A6BundleC21trimSpacesAndNewlines33_A94F705F33B67A5CC3EDD151D76AA326LLyS2SFZ
FN:81,$s15LocalizeChecker0A6BundleC12removeQuotes33_A94F705F33B67A5CC3EDD151D76AA326LLyS2SFZ
FN:91,$s15LocalizeChecker0A6BundleC13stringLiteralACSS_tcfC
FNDA:4,$s15LocalizeChecker0A6BundleC7fileUrlAC10Foundation3URLV_tcfc
FNDA:6,$s15LocalizeChecker0A6BundleC13directoryPathACSS_tKcfc
FNDA:12,$s15LocalizeChecker0A6BundleC13directoryPathACSS_tKcfcySDySSypGz_SStKXEfU_
FNDA:0,$s15LocalizeChecker0A6BundleC13directoryPathACSS_tKcfcySDySSypGz_SStKXEfU_ypyp_yptXEfU_
FNDA:0,$s15LocalizeChecker0A6BundleC13directoryPathACSS_tKcfcySDySSypGz_SStKXEfU_AEyKXEfu_
FNDA:0,$s15LocalizeChecker0A6BundleC13directoryPathACSS_tKcfcySDySSypGz_SStKXEfU_ypyp_yptXEfU0_
FNDA:948,$s15LocalizeChecker0A6BundleCyypSgSScig
FNDA:10,$s15LocalizeChecker0A6BundleC12parseStrings33_A94F705F33B67A5CC3EDD151D76AA326LL7fileUrlSDyS2SG10Foundation3URLV_tFZ
FNDA:10,$s15LocalizeChecker0A6BundleC12parseStrings33_A94F705F33B67A5CC3EDD151D76AA326LL7fileUrlSDyS2SG10Foundation3URLV_tFZAGSScACmcfu_
FNDA:10,$s15LocalizeChecker0A6BundleC12parseStrings33_A94F705F33B67A5CC3EDD151D76AA326LL7fileUrlSDyS2SG10Foundation3URLV_tFZAGSScACmcfu_AGSScfu0_
FNDA:0,$s15LocalizeChecker0A6BundleC12parseStrings33_A94F705F33B67A5CC3EDD151D76AA326LL7fileUrlSDyS2SG10Foundation3URLV_tFZAGyKXEfu1_
FNDA:10,$s15LocalizeChecker0A6BundleC12parseStrings33_A94F705F33B67A5CC3EDD151D76AA326LL7contentSDyS2SGSS_tFZ
FNDA:54860,$s15LocalizeChecker0A6BundleC12parseStrings33_A94F705F33B67A5CC3EDD151D76AA326LL7contentSDyS2SGSS_tFZyAGz_SstXEfU_
FNDA:110170,$s15LocalizeChecker0A6BundleC12parseStrings33_A94F705F33B67A5CC3EDD151D76AA326LL7contentSDyS2SGSS_tFZyAGz_SstXEfU_SSSshcfu_
FNDA:54860,$s15LocalizeChecker0A6BundleC12parseStrings33_A94F705F33B67A5CC3EDD151D76AA326LL7contentSDyS2SGSS_tFZyAGz_SstXEfU_S2ScACmcfu0_
FNDA:110170,$s15LocalizeChecker0A6BundleC12parseStrings33_A94F705F33B67A5CC3EDD151D76AA326LL7contentSDyS2SGSS_tFZyAGz_SstXEfU_S2ScACmcfu0_S2Scfu1_
FNDA:54860,$s15LocalizeChecker0A6BundleC12parseStrings33_A94F705F33B67A5CC3EDD151D76AA326LL7contentSDyS2SGSS_tFZyAGz_SstXEfU_S2ScACmcfu2_
FNDA:110170,$s15LocalizeChecker0A6BundleC12parseStrings33_A94F705F33B67A5CC3EDD151D76AA326LL7contentSDyS2SGSS_tFZyAGz_SstXEfU_S2ScACmcfu2_S2Scfu3_
FNDA:110170,$s15LocalizeChecker0A6BundleC21trimSpacesAndNewlines33_A94F705F33B67A5CC3EDD151D76AA326LLyS2SFZ
FNDA:110170,$s15LocalizeChecker0A6BundleC12removeQuotes33_A94F705F33B67A5CC3EDD151D76AA326LLyS2SFZ
FNDA:0,$s15LocalizeChecker0A6BundleC13stringLiteralACSS_tcfC
FNF:18
FNH:13
DA:14,4
DA:15,4
DA:16,4
DA:17,4
DA:18,4
DA:20,6
DA:21,6
DA:22,6
DA:23,6
DA:24,6
DA:25,12
DA:26,12
DA:27,12
DA:28,12
DA:29,6
DA:30,6
DA:31,6
DA:32,6
DA:33,12
DA:34,6
DA:35,6
DA:36,6
DA:37,12
DA:38,0
DA:39,12
DA:40,12
DA:41,6
DA:42,6
DA:43,6
DA:45,948
DA:46,948
DA:47,948
DA:55,10
DA:56,10
DA:57,20
DA:58,10
DA:60,10
DA:61,10
DA:62,10
DA:63,54860
DA:64,54860
DA:65,54860
DA:66,110170
DA:67,165030
DA:68,165030
DA:69,54860
DA:70,54860
DA:71,52640
DA:72,52640
DA:73,10
DA:74,10
DA:75,10
DA:77,110170
DA:78,110170
DA:79,110170
DA:81,110170
DA:82,110170
DA:83,110170
DA:91,0
DA:92,0
DA:93,0
BRF:0
BFH:0
LF:95
LH:87
end_of_record
SF:/Users/kyurichev/Documents/Dev/Tools/LocalizeChecker/Sources/LocalizeChecker/Parser/LocalizeParser.swift
FN:7,$s15LocalizeChecker0A6ParserC9foundKeysSayAA0A5EntryVGvpfi
FN:11,$s15LocalizeChecker0A6ParserC9converterAC11SwiftSyntax23SourceLocationConverterC_tcfc
FN:15,$s15LocalizeChecker0A6ParserC5visity11SwiftSyntax0F19VisitorContinueKindOAE017StringLiteralExprF0VF
FN:38,$s11SwiftSyntax017StringLiteralExprB0V15LocalizeCheckerE16hasInterpolation027_59C5DE57A268AFC33C48AC3D33J4D89CLLSbvg
FN:39,$s11SwiftSyntax017StringLiteralExprB0V15LocalizeCheckerE16hasInterpolation027_59C5DE57A268AFC33C48AC3D33J4D89CLLSbvgSbAA0B0VXEfU_
FNDA:948,$s15LocalizeChecker0A6ParserC9foundKeysSayAA0A5EntryVGvpfi
FNDA:948,$s15LocalizeChecker0A6ParserC9converterAC11SwiftSyntax23SourceLocationConverterC_tcfc
FNDA:947,$s15LocalizeChecker0A6ParserC5visity11SwiftSyntax0F19VisitorContinueKindOAE017StringLiteralExprF0VF
FNDA:946,$s11SwiftSyntax017StringLiteralExprB0V15LocalizeCheckerE16hasInterpolation027_59C5DE57A268AFC33C48AC3D33J4D89CLLSbvg
FNDA:944,$s11SwiftSyntax017StringLiteralExprB0V15LocalizeCheckerE16hasInterpolation027_59C5DE57A268AFC33C48AC3D33J4D89CLLSbvgSbAA0B0VXEfU_
FNF:5
FNH:5
DA:7,948
DA:11,948
DA:12,948
DA:13,948
DA:15,947
DA:16,947
DA:17,947
DA:18,947
DA:19,947
DA:20,947
DA:21,1
DA:22,946
DA:23,946
DA:24,946
DA:25,945
DA:26,945
DA:27,945
DA:28,945
DA:29,945
DA:30,946
DA:31,946
DA:32,946
DA:38,946
DA:39,946
DA:40,944
DA:41,944
DA:42,946
BRF:0
BFH:0
LF:30
LH:30
end_of_record
SF:/Users/kyurichev/Documents/Dev/Tools/LocalizeChecker/Sources/LocalizeChecker/Reporter/Formatters/XcodeReportFormatter.swift
FN:7,$s15LocalizeChecker20XcodeReportFormatterV12strictlicityAcA0D12StrictlicityO_tcfC
FN:11,$s15LocalizeChecker20XcodeReportFormatterV6formatySSAA12ErrorMessageVF
FNDA:2,$s15LocalizeChecker20XcodeReportFormatterV12strictlicityAcA0D12StrictlicityO_tcfC
FNDA:2,$s15LocalizeChecker20XcodeReportFormatterV6formatySSAA12ErrorMessageVF
FNF:2
FNH:2
DA:7,2
DA:8,2
DA:9,2
DA:11,2
DA:12,2
DA:13,2
DA:14,2
DA:15,2
DA:16,2
DA:17,2
DA:18,2
DA:19,2
DA:20,2
DA:21,2
BRF:0
BFH:0
LF:14
LH:14
end_of_record
SF:/Users/kyurichev/Documents/Dev/Tools/LocalizeChecker/Sources/LocalizeChecker/Reporter/ReportPrinter.swift
FN:7,$s15LocalizeChecker13ReportPrinterC9formatterAcA0C9Formatter_p_tcfc
FN:12,$s15LocalizeChecker13ReportPrinterC5printyyAA12ErrorMessageVF
FN:17,$s15LocalizeChecker13ReportPrinterC16printOnMainQueueyyAA12ErrorMessageVF
FN:18,$s15LocalizeChecker13ReportPrinterC16printOnMainQueueyyAA12ErrorMessageVFyyScMYccfU_
FNDA:0,$s15LocalizeChecker13ReportPrinterC9formatterAcA0C9Formatter_p_tcfc
FNDA:0,$s15LocalizeChecker13ReportPrinterC5printyyAA12ErrorMessageVF
FNDA:0,$s15LocalizeChecker13ReportPrinterC16printOnMainQueueyyAA12ErrorMessageVF
FNDA:0,$s15LocalizeChecker13ReportPrinterC16printOnMainQueueyyAA12ErrorMessageVFyyScMYccfU_
FNF:4
FNH:0
DA:7,0
DA:8,0
DA:9,0
DA:12,0
DA:13,0
DA:14,0
DA:17,0
DA:18,0
DA:19,0
DA:20,0
DA:21,0
BRF:0
BFH:0
LF:14
LH:0
end_of_record
SF:/Users/kyurichev/Documents/Dev/Tools/LocalizeChecker/Sources/LocalizeChecker/Utils/SourceFilesTraversalTrait.swift
FN:11,$s15LocalizeChecker25SourceFilesTraversalTraitPAAE5filesSaySSGvg
FN:12,$s15LocalizeChecker25SourceFilesTraversalTraitPAAE5filesSaySSGvgAESSKcxcfu_
FN:12,$s15LocalizeChecker25SourceFilesTraversalTraitPAAE5filesSaySSGvgAESSKcxcfu_AESSKcfu0_
FN:13,$s15LocalizeChecker25SourceFilesTraversalTraitPAAE5filesSaySSGvgAEyKXEfu1_
FN:17,$s15LocalizeChecker25SourceFilesTraversalTraitPAAE19sourcesDirectoryUrl020_33BB07E8E5192C60D76K11D2D367B6030LL10Foundation3URLVSgvg
FN:18,$s15LocalizeChecker25SourceFilesTraversalTraitPAAE19sourcesDirectoryUrl020_33BB07E8E5192C60D76K11D2D367B6030LL10Foundation3URLVSgvgAHSSXEfU_
FN:23,$s15LocalizeChecker25SourceFilesTraversalTraitPAAE05parseC9Directory020_33BB07E8E5192C60D76J11D2D367B6030LLySaySSGSSKF
FN:34,$s15LocalizeChecker25SourceFilesTraversalTraitPAAE05parseC9Directory020_33BB07E8E5192C60D76J11D2D367B6030LLySaySSGSSKF10Foundation3URLVSgypXEfU_
FN:35,$s15LocalizeChecker25SourceFilesTraversalTraitPAAE05parseC9Directory020_33BB07E8E5192C60D76J11D2D367B6030LLySaySSGSSKFSb10Foundation3URLVXEfU0_
FN:36,$s15LocalizeChecker25SourceFilesTraversalTraitPAAE05parseC9Directory020_33BB07E8E5192C60D76J11D2D367B6030LLySaySSGSSKFSb10Foundation3URLVKXEfU1_
FN:40,$s15LocalizeChecker25SourceFilesTraversalTraitPAAE05parseC9Directory020_33BB07E8E5192C60D76J11D2D367B6030LLySaySSGSSKFSb10Foundation3URLVKXEfU1_SbyKXEfu_
FN:42,$s15LocalizeChecker25SourceFilesTraversalTraitPAAE05parseC9Directory020_33BB07E8E5192C60D76J11D2D367B6030LLySaySSGSSKFSS10Foundation3URLVcs7KeyPathCyAISSGcfu_
FN:42,$s15LocalizeChecker25SourceFilesTraversalTraitPAAE05parseC9Directory020_33BB07E8E5192C60D76J11D2D367B6030LLySaySSGSSKFSS10Foundation3URLVcs7KeyPathCyAISSGcfu_SSAIcfu0_
FNDA:0,$s15LocalizeChecker25SourceFilesTraversalTraitPAAE5filesSaySSGvg
FNDA:0,$s15LocalizeChecker25SourceFilesTraversalTraitPAAE5filesSaySSGvgAESSKcxcfu_
FNDA:0,$s15LocalizeChecker25SourceFilesTraversalTraitPAAE5filesSaySSGvgAESSKcxcfu_AESSKcfu0_
FNDA:0,$s15LocalizeChecker25SourceFilesTraversalTraitPAAE5filesSaySSGvgAEyKXEfu1_
FNDA:0,$s15LocalizeChecker25SourceFilesTraversalTraitPAAE19sourcesDirectoryUrl020_33BB07E8E5192C60D76K11D2D367B6030LL10Foundation3URLVSgvg
FNDA:0,$s15LocalizeChecker25SourceFilesTraversalTraitPAAE19sourcesDirectoryUrl020_33BB07E8E5192C60D76K11D2D367B6030LL10Foundation3URLVSgvgAHSSXEfU_
FNDA:0,$s15LocalizeChecker25SourceFilesTraversalTraitPAAE05parseC9Directory020_33BB07E8E5192C60D76J11D2D367B6030LLySaySSGSSKF
FNDA:0,$s15LocalizeChecker25SourceFilesTraversalTraitPAAE05parseC9Directory020_33BB07E8E5192C60D76J11D2D367B6030LLySaySSGSSKF10Foundation3URLVSgypXEfU_
FNDA:0,$s15LocalizeChecker25SourceFilesTraversalTraitPAAE05parseC9Directory020_33BB07E8E5192C60D76J11D2D367B6030LLySaySSGSSKFSb10Foundation3URLVXEfU0_
FNDA:0,$s15LocalizeChecker25SourceFilesTraversalTraitPAAE05parseC9Directory020_33BB07E8E5192C60D76J11D2D367B6030LLySaySSGSSKFSb10Foundation3URLVKXEfU1_
FNDA:0,$s15LocalizeChecker25SourceFilesTraversalTraitPAAE05parseC9Directory020_33BB07E8E5192C60D76J11D2D367B6030LLySaySSGSSKFSb10Foundation3URLVKXEfU1_SbyKXEfu_
FNDA:0,$s15LocalizeChecker25SourceFilesTraversalTraitPAAE05parseC9Directory020_33BB07E8E5192C60D76J11D2D367B6030LLySaySSGSSKFSS10Foundation3URLVcs7KeyPathCyAISSGcfu_
FNDA:0,$s15LocalizeChecker25SourceFilesTraversalTraitPAAE05parseC9Directory020_33BB07E8E5192C60D76J11D2D367B6030LLySaySSGSSKFSS10Foundation3URLVcs7KeyPathCyAISSGcfu_SSAIcfu0_
FNF:11
FNH:0
DA:11,0
DA:12,0
DA:13,0
DA:14,0
DA:17,0
DA:18,0
DA:19,0
DA:20,0
DA:21,0
DA:23,0
DA:24,0
DA:25,0
DA:26,0
DA:27,0
DA:28,0
DA:29,0
DA:30,0
DA:31,0
DA:32,0
DA:33,0
DA:34,0
DA:35,0
DA:36,0
DA:37,0
DA:38,0
DA:39,0
DA:40,0
DA:41,0
DA:42,0
DA:43,0
BRF:0
BFH:0
LF:45
LH:0
end_of_record
SF:/Users/kyurichev/Documents/Dev/Tools/LocalizeChecker/Tests/LocalizeChecker/LocalizeBundleTests.swift
FN:7,$s20LocalizeCheckerTests0a6BundleC0C010testParsedD40WithWhitespacesContainsKeyAccountBlockedyyF
FN:17,$s20LocalizeCheckerTests0a6BundleC0C010testParsedD40WithWhitespacesContainsKeyAccountBlockedyyFypSgyKXEfu_
FN:17,$s20LocalizeCheckerTests0a6BundleC0C010testParsedD40WithWhitespacesContainsKeyAccountBlockedyyFSSyXEfu0_
FN:20,$s20LocalizeCheckerTests0a6BundleC0C010testParsedD26ContaintKeyFromStringsDictyyKF
FN:26,$s20LocalizeCheckerTests0a6BundleC0C010testParsedD26ContaintKeyFromStringsDictyyKFypSgyKXEfu_
FN:30,$s20LocalizeCheckerTests0a6BundleC0C010testParsedD26ContaintKeyFromStringsDictyyKFypSgyKXEfu0_
FN:30,$s20LocalizeCheckerTests0a6BundleC0C010testParsedD26ContaintKeyFromStringsDictyyKFSSyXEfu1_
FN:33,$s20LocalizeCheckerTests0a6BundleC0C010testParsedD21NotContaintUnknownKeyyyKF
FN:39,$s20LocalizeCheckerTests0a6BundleC0C010testParsedD21NotContaintUnknownKeyyyKFypSgyKXEfu_
FN:43,$s20LocalizeCheckerTests0a6BundleC0C010testParsedD21NotContaintUnknownKeyyyKFypSgyKXEfu0_
FN:43,$s20LocalizeCheckerTests0a6BundleC0C010testParsedD21NotContaintUnknownKeyyyKFSSyXEfu1_
FNDA:1,$s20LocalizeCheckerTests0a6BundleC0C010testParsedD40WithWhitespacesContainsKeyAccountBlockedyyF
FNDA:1,$s20LocalizeCheckerTests0a6BundleC0C010testParsedD40WithWhitespacesContainsKeyAccountBlockedyyFypSgyKXEfu_
FNDA:0,$s20LocalizeCheckerTests0a6BundleC0C010testParsedD40WithWhitespacesContainsKeyAccountBlockedyyFSSyXEfu0_
FNDA:1,$s20LocalizeCheckerTests0a6BundleC0C010testParsedD26ContaintKeyFromStringsDictyyKF
FNDA:1,$s20LocalizeCheckerTests0a6BundleC0C010testParsedD26ContaintKeyFromStringsDictyyKFypSgyKXEfu_
FNDA:1,$s20LocalizeCheckerTests0a6BundleC0C010testParsedD26ContaintKeyFromStringsDictyyKFypSgyKXEfu0_
FNDA:0,$s20LocalizeCheckerTests0a6BundleC0C010testParsedD26ContaintKeyFromStringsDictyyKFSSyXEfu1_
FNDA:1,$s20LocalizeCheckerTests0a6BundleC0C010testParsedD21NotContaintUnknownKeyyyKF
FNDA:1,$s20LocalizeCheckerTests0a6BundleC0C010testParsedD21NotContaintUnknownKeyyyKFypSgyKXEfu_
FNDA:1,$s20LocalizeCheckerTests0a6BundleC0C010testParsedD21NotContaintUnknownKeyyyKFypSgyKXEfu0_
FNDA:0,$s20LocalizeCheckerTests0a6BundleC0C010testParsedD21NotContaintUnknownKeyyyKFSSyXEfu1_
FNF:11
FNH:8
DA:7,1
DA:8,1
DA:9,1
DA:10,1
DA:11,1
DA:12,1
DA:13,1
DA:14,1
DA:15,1
DA:16,1
DA:17,1
DA:18,1
DA:20,1
DA:21,1
DA:22,1
DA:23,1
DA:24,1
DA:25,1
DA:26,1
DA:27,1
DA:28,1
DA:29,1
DA:30,1
DA:31,1
DA:33,1
DA:34,1
DA:35,1
DA:36,1
DA:37,1
DA:38,1
DA:39,1
DA:40,1
DA:41,1
DA:42,1
DA:43,1
DA:44,1
BRF:0
BFH:0
LF:44
LH:41
end_of_record
SF:/Users/kyurichev/Documents/Dev/Tools/LocalizeChecker/Tests/LocalizeChecker/LocalizeParserTests.swift
FN:21,$s20LocalizeCheckerTests0a6ParserC0C8tearDownyyF
FN:23,$s20LocalizeCheckerTests0a6ParserC0C8tearDownyyFyyKXEfu_
FN:27,$s20LocalizeCheckerTests0a6ParserC0C5setup33_9A0F6BB14479B28B1456E08AF08A63EBLL5inputySS_tF
FN:29,$s20LocalizeCheckerTests0a6ParserC0C5setup33_9A0F6BB14479B28B1456E08AF08A63EBLL5inputySS_tFyyKXEfu_
FN:36,$s20LocalizeCheckerTests0a6ParserC0C24testFoundLocalizedStringyyKF
FN:47,$s20LocalizeCheckerTests0a6ParserC0C24testFoundLocalizedStringyyKFSaySSGyKXEfu_
FN:47,$s20LocalizeCheckerTests0a6ParserC0C24testFoundLocalizedStringyyKFSaySSGyKXEfu0_
FN:47,$s20LocalizeCheckerTests0a6ParserC0C24testFoundLocalizedStringyyKFSaySSGyKXEfu0_SS0aB00A5EntryVcs7KeyPathCyAHSSGcfu1_
FN:47,$s20LocalizeCheckerTests0a6ParserC0C24testFoundLocalizedStringyyKFSaySSGyKXEfu0_SS0aB00A5EntryVcs7KeyPathCyAHSSGcfu1_SSAHcfu2_
FN:50,$s20LocalizeCheckerTests0a6ParserC0C043testUsualStringLiteralNotTreatedAsLocalizedG0yyKF
FN:61,$s20LocalizeCheckerTests0a6ParserC0C043testUsualStringLiteralNotTreatedAsLocalizedG0yyKFSbyKXEfu_
FN:61,$s20LocalizeCheckerTests0a6ParserC0C043testUsualStringLiteralNotTreatedAsLocalizedG0yyKFSbyKXEfu_SS0aB00A5EntryVcs7KeyPathCyAGSSGcfu0_
FN:61,$s20LocalizeCheckerTests0a6ParserC0C043testUsualStringLiteralNotTreatedAsLocalizedG0yyKFSbyKXEfu_SS0aB00A5EntryVcs7KeyPathCyAGSSGcfu0_SSAGcfu1_
FNDA:2,$s20LocalizeCheckerTests0a6ParserC0C8tearDownyyF
FNDA:2,$s20LocalizeCheckerTests0a6ParserC0C8tearDownyyFyyKXEfu_
FNDA:2,$s20LocalizeCheckerTests0a6ParserC0C5setup33_9A0F6BB14479B28B1456E08AF08A63EBLL5inputySS_tF
FNDA:2,$s20LocalizeCheckerTests0a6ParserC0C5setup33_9A0F6BB14479B28B1456E08AF08A63EBLL5inputySS_tFyyKXEfu_
FNDA:1,$s20LocalizeCheckerTests0a6ParserC0C24testFoundLocalizedStringyyKF
FNDA:1,$s20LocalizeCheckerTests0a6ParserC0C24testFoundLocalizedStringyyKFSaySSGyKXEfu_
FNDA:1,$s20LocalizeCheckerTests0a6ParserC0C24testFoundLocalizedStringyyKFSaySSGyKXEfu0_
FNDA:1,$s20LocalizeCheckerTests0a6ParserC0C24testFoundLocalizedStringyyKFSaySSGyKXEfu0_SS0aB00A5EntryVcs7KeyPathCyAHSSGcfu1_
FNDA:1,$s20LocalizeCheckerTests0a6ParserC0C24testFoundLocalizedStringyyKFSaySSGyKXEfu0_SS0aB00A5EntryVcs7KeyPathCyAHSSGcfu1_SSAHcfu2_
FNDA:1,$s20LocalizeCheckerTests0a6ParserC0C043testUsualStringLiteralNotTreatedAsLocalizedG0yyKF
FNDA:1,$s20LocalizeCheckerTests0a6ParserC0C043testUsualStringLiteralNotTreatedAsLocalizedG0yyKFSbyKXEfu_
FNDA:1,$s20LocalizeCheckerTests0a6ParserC0C043testUsualStringLiteralNotTreatedAsLocalizedG0yyKFSbyKXEfu_SS0aB00A5EntryVcs7KeyPathCyAGSSGcfu0_
FNDA:0,$s20LocalizeCheckerTests0a6ParserC0C043testUsualStringLiteralNotTreatedAsLocalizedG0yyKFSbyKXEfu_SS0aB00A5EntryVcs7KeyPathCyAGSSGcfu0_SSAGcfu1_
FNF:11
FNH:11
DA:21,2
DA:22,2
DA:23,2
DA:24,2
DA:25,2
DA:27,2
DA:28,2
DA:29,2
DA:30,2
DA:31,2
DA:36,1
DA:37,1
DA:38,1
DA:39,1
DA:40,1
DA:41,1
DA:42,1
DA:43,1
DA:44,1
DA:45,1
DA:46,1
DA:47,2
DA:48,1
DA:50,1
DA:51,1
DA:52,1
DA:53,1
DA:54,1
DA:55,1
DA:56,1
DA:57,1
DA:58,1
DA:59,1
DA:60,1
DA:61,1
DA:62,1
BRF:0
BFH:0
LF:43
LH:43
end_of_record
SF:/Users/kyurichev/Documents/Dev/Tools/LocalizeChecker/Tests/LocalizeChecker/ReportFormatterTests.swift
FN:6,$s20LocalizeCheckerTests15ReportFormatterC09testXcodee8ForValidd8ProducesI6FormatyyF
FN:17,$s20LocalizeCheckerTests15ReportFormatterC09testXcodee8ForValidd8ProducesI6FormatyyFSSyKXEfu_
FN:18,$s20LocalizeCheckerTests15ReportFormatterC09testXcodee8ForValidd8ProducesI6FormatyyFSSyKXEfu0_
FN:22,$s20LocalizeCheckerTests15ReportFormatterC09testXcodeE43StrictedToWarningsProducesFormatWithWarningyyF
FN:33,$s20LocalizeCheckerTests15ReportFormatterC09testXcodeE43StrictedToWarningsProducesFormatWithWarningyyFSSyKXEfu_
FN:34,$s20LocalizeCheckerTests15ReportFormatterC09testXcodeE43StrictedToWarningsProducesFormatWithWarningyyFSSyKXEfu0_
FNDA:1,$s20LocalizeCheckerTests15ReportFormatterC09testXcodee8ForValidd8ProducesI6FormatyyF
FNDA:1,$s20LocalizeCheckerTests15ReportFormatterC09testXcodee8ForValidd8ProducesI6FormatyyFSSyKXEfu_
FNDA:1,$s20LocalizeCheckerTests15ReportFormatterC09testXcodee8ForValidd8ProducesI6FormatyyFSSyKXEfu0_
FNDA:1,$s20LocalizeCheckerTests15ReportFormatterC09testXcodeE43StrictedToWarningsProducesFormatWithWarningyyF
FNDA:1,$s20LocalizeCheckerTests15ReportFormatterC09testXcodeE43StrictedToWarningsProducesFormatWithWarningyyFSSyKXEfu_
FNDA:1,$s20LocalizeCheckerTests15ReportFormatterC09testXcodeE43StrictedToWarningsProducesFormatWithWarningyyFSSyKXEfu0_
FNF:6
FNH:6
DA:6,1
DA:7,1
DA:8,1
DA:9,1
DA:10,1
DA:11,1
DA:12,1
DA:13,1
DA:14,1
DA:15,1
DA:16,1
DA:17,1
DA:18,1
DA:19,1
DA:20,1
DA:22,1
DA:23,1
DA:24,1
DA:25,1
DA:26,1
DA:27,1
DA:28,1
DA:29,1
DA:30,1
DA:31,1
DA:32,1
DA:33,1
DA:34,1
DA:35,1
DA:36,1
BRF:0
BFH:0
LF:34
LH:34
end_of_record
SF:/Users/kyurichev/Documents/Dev/Tools/LocalizeChecker/Tests/LocalizeChecker/SourceFileBatchCheckerTests.swift
FN:7,$s20LocalizeCheckerTests015SourceFileBatchbC0C05inputD004withA3KeyS2S_tF
FN:15,$s20LocalizeCheckerTests015SourceFileBatchbC0C8fileNameySSSiF
FN:19,$s20LocalizeCheckerTests015SourceFileBatchbC0C8filePathySSSiF
FN:23,$s20LocalizeCheckerTests015SourceFileBatchbC0C7fileUrly10Foundation3URLVSiF
FN:27,$s20LocalizeCheckerTests015SourceFileBatchbC0C5setup33_06BE1180641BFF8194D430B24B0E2D36LL5input6fileIdySS_SitF
FN:29,$s20LocalizeCheckerTests015SourceFileBatchbC0C5setup33_06BE1180641BFF8194D430B24B0E2D36LL5input6fileIdySS_SitFyyKXEfu_
FN:32,$s20LocalizeCheckerTests015SourceFileBatchbC0C5setup33_06BE1180641BFF8194D430B24B0E2D36LL5input6fileIdySS_SitFyyKXEfu0_
FN:36,$s20LocalizeCheckerTests015SourceFileBatchbC0C8tearDownyyFZ
FN:38,$s20LocalizeCheckerTests015SourceFileBatchbC0C8tearDownyyFZyyKXEfu_
FN:46,$s20LocalizeCheckerTests015SourceFileBatchbC0C21testAllFilesProcessedyyYaKF
FN:50,$s20LocalizeCheckerTests015SourceFileBatchbC0C21testAllFilesProcessedyyYaKFSSSicACcfu_
FN:50,$s20LocalizeCheckerTests015SourceFileBatchbC0C21testAllFilesProcessedyyYaKFSSSicACcfu_SSSicfu0_
FN:51,$s20LocalizeCheckerTests015SourceFileBatchbC0C21testAllFilesProcessedyyYaKFSSSicACcfu1_
FN:51,$s20LocalizeCheckerTests015SourceFileBatchbC0C21testAllFilesProcessedyyYaKFSSSicACcfu1_SSSicfu2_
FN:66,$s20LocalizeCheckerTests015SourceFileBatchbC0C21testAllFilesProcessedyyYaKFSaySSGAE_SStYaXEfU_
FN:73,$s20LocalizeCheckerTests015SourceFileBatchbC0C21testAllFilesProcessedyyYaKFSaySSGyKXEfu3_
FN:73,$s20LocalizeCheckerTests015SourceFileBatchbC0C21testAllFilesProcessedyyYaKFSaySSGyKXEfu4_
FN:74,$s20LocalizeCheckerTests015SourceFileBatchbC0C21testAllFilesProcessedyyYaKFSdyKXEfu5_
FN:74,$s20LocalizeCheckerTests015SourceFileBatchbC0C21testAllFilesProcessedyyYaKFSdyKXEfu6_
FN:77,$s20LocalizeCheckerTests015SourceFileBatchbC0C34testIfHalfWrongFilesProducedErrorsyyYaKF
FN:83,$s20LocalizeCheckerTests015SourceFileBatchbC0C34testIfHalfWrongFilesProducedErrorsyyYaKFSSSicACcfu_
FN:83,$s20LocalizeCheckerTests015SourceFileBatchbC0C34testIfHalfWrongFilesProducedErrorsyyYaKFSSSicACcfu_SSSicfu0_
FN:100,$s20LocalizeCheckerTests015SourceFileBatchbC0C34testIfHalfWrongFilesProducedErrorsyyYaKFSSSicACcfu1_
FN:100,$s20LocalizeCheckerTests015SourceFileBatchbC0C34testIfHalfWrongFilesProducedErrorsyyYaKFSSSicACcfu1_SSSicfu2_
FN:105,$s20LocalizeCheckerTests015SourceFileBatchbC0C34testIfHalfWrongFilesProducedErrorsyyYaKFSaySSGAE_SStYaXEfU_
FN:110,$s20LocalizeCheckerTests015SourceFileBatchbC0C34testIfHalfWrongFilesProducedErrorsyyYaKFSaySSGyKXEfu3_
FN:110,$s20LocalizeCheckerTests015SourceFileBatchbC0C34testIfHalfWrongFilesProducedErrorsyyYaKFSaySSGyKXEfu4_
FN:113,$s20LocalizeCheckerTests015SourceFileBatchbC0C48testAllProcessedFilesContainsCorrespondingErrorsyyYaKF
FN:117,$s20LocalizeCheckerTests015SourceFileBatchbC0C48testAllProcessedFilesContainsCorrespondingErrorsyyYaKFSSSicACcfu_
FN:117,$s20LocalizeCheckerTests015SourceFileBatchbC0C48testAllProcessedFilesContainsCorrespondingErrorsyyYaKFSSSicACcfu_SSSicfu0_
FN:125,$s20LocalizeCheckerTests015SourceFileBatchbC0C48testAllProcessedFilesContainsCorrespondingErrorsyyYaKFypSgyKXEfu1_
FN:132,$s20LocalizeCheckerTests015SourceFileBatchbC0C48testAllProcessedFilesContainsCorrespondingErrorsyyYaKFSay0aB012ErrorMessageVGAH_AGtYaXEfU_
FN:137,$s20LocalizeCheckerTests015SourceFileBatchbC0C48testAllProcessedFilesContainsCorrespondingErrorsyyYaKFSbyKXEfu2_
FN:137,$s20LocalizeCheckerTests015SourceFileBatchbC0C48testAllProcessedFilesContainsCorrespondingErrorsyyYaKFSbyKXEfu2_Sb0aB012ErrorMessageVXEfU0_
FN:140,$s20LocalizeCheckerTests015SourceFileBatchbC0C44testAllProcessedFilesDoesNotContainAnyErrorsyyYaKF
FN:144,$s20LocalizeCheckerTests015SourceFileBatchbC0C44testAllProcessedFilesDoesNotContainAnyErrorsyyYaKFSSSicACcfu_
FN:144,$s20LocalizeCheckerTests015SourceFileBatchbC0C44testAllProcessedFilesDoesNotContainAnyErrorsyyYaKFSSSicACcfu_SSSicfu0_
FN:158,$s20LocalizeCheckerTests015SourceFileBatchbC0C44testAllProcessedFilesDoesNotContainAnyErrorsyyYaKFSay0aB012ErrorMessageVGAH_AGtYaXEfU_
FN:163,$s20LocalizeCheckerTests015SourceFileBatchbC0C44testAllProcessedFilesDoesNotContainAnyErrorsyyYaKFSbyKXEfu1_
FNDA:1444,$s20LocalizeCheckerTests015SourceFileBatchbC0C05inputD004withA3KeyS2S_tF
FNDA:3288,$s20LocalizeCheckerTests015SourceFileBatchbC0C8fileNameySSSiF
FNDA:2387,$s20LocalizeCheckerTests015SourceFileBatchbC0C8filePathySSSiF
FNDA:0,$s20LocalizeCheckerTests015SourceFileBatchbC0C7fileUrly10Foundation3URLVSiF
FNDA:1444,$s20LocalizeCheckerTests015SourceFileBatchbC0C5setup33_06BE1180641BFF8194D430B24B0E2D36LL5input6fileIdySS_SitF
FNDA:1444,$s20LocalizeCheckerTests015SourceFileBatchbC0C5setup33_06BE1180641BFF8194D430B24B0E2D36LL5input6fileIdySS_SitFyyKXEfu_
FNDA:1444,$s20LocalizeCheckerTests015SourceFileBatchbC0C5setup33_06BE1180641BFF8194D430B24B0E2D36LL5input6fileIdySS_SitFyyKXEfu0_
FNDA:1,$s20LocalizeCheckerTests015SourceFileBatchbC0C8tearDownyyFZ
FNDA:1,$s20LocalizeCheckerTests015SourceFileBatchbC0C8tearDownyyFZyyKXEfu_
FNDA:1,$s20LocalizeCheckerTests015SourceFileBatchbC0C21testAllFilesProcessedyyYaKF
FNDA:1,$s20LocalizeCheckerTests015SourceFileBatchbC0C21testAllFilesProcessedyyYaKFSSSicACcfu_
FNDA:401,$s20LocalizeCheckerTests015SourceFileBatchbC0C21testAllFilesProcessedyyYaKFSSSicACcfu_SSSicfu0_
FNDA:1,$s20LocalizeCheckerTests015SourceFileBatchbC0C21testAllFilesProcessedyyYaKFSSSicACcfu1_
FNDA:401,$s20LocalizeCheckerTests015SourceFileBatchbC0C21testAllFilesProcessedyyYaKFSSSicACcfu1_SSSicfu2_
FNDA:401,$s20LocalizeCheckerTests015SourceFileBatchbC0C21testAllFilesProcessedyyYaKFSaySSGAE_SStYaXEfU_
FNDA:1,$s20LocalizeCheckerTests015SourceFileBatchbC0C21testAllFilesProcessedyyYaKFSaySSGyKXEfu3_
FNDA:1,$s20LocalizeCheckerTests015SourceFileBatchbC0C21testAllFilesProcessedyyYaKFSaySSGyKXEfu4_
FNDA:1,$s20LocalizeCheckerTests015SourceFileBatchbC0C21testAllFilesProcessedyyYaKFSdyKXEfu5_
FNDA:1,$s20LocalizeCheckerTests015SourceFileBatchbC0C21testAllFilesProcessedyyYaKFSdyKXEfu6_
FNDA:1,$s20LocalizeCheckerTests015SourceFileBatchbC0C34testIfHalfWrongFilesProducedErrorsyyYaKF
FNDA:1,$s20LocalizeCheckerTests015SourceFileBatchbC0C34testIfHalfWrongFilesProducedErrorsyyYaKFSSSicACcfu_
FNDA:500,$s20LocalizeCheckerTests015SourceFileBatchbC0C34testIfHalfWrongFilesProducedErrorsyyYaKFSSSicACcfu_SSSicfu0_
FNDA:1,$s20LocalizeCheckerTests015SourceFileBatchbC0C34testIfHalfWrongFilesProducedErrorsyyYaKFSSSicACcfu1_
FNDA:500,$s20LocalizeCheckerTests015SourceFileBatchbC0C34testIfHalfWrongFilesProducedErrorsyyYaKFSSSicACcfu1_SSSicfu2_
FNDA:500,$s20LocalizeCheckerTests015SourceFileBatchbC0C34testIfHalfWrongFilesProducedErrorsyyYaKFSaySSGAE_SStYaXEfU_
FNDA:1,$s20LocalizeCheckerTests015SourceFileBatchbC0C34testIfHalfWrongFilesProducedErrorsyyYaKFSaySSGyKXEfu3_
FNDA:1,$s20LocalizeCheckerTests015SourceFileBatchbC0C34testIfHalfWrongFilesProducedErrorsyyYaKFSaySSGyKXEfu4_
FNDA:1,$s20LocalizeCheckerTests015SourceFileBatchbC0C48testAllProcessedFilesContainsCorrespondingErrorsyyYaKF
FNDA:1,$s20LocalizeCheckerTests015SourceFileBatchbC0C48testAllProcessedFilesContainsCorrespondingErrorsyyYaKFSSSicACcfu_
FNDA:21,$s20LocalizeCheckerTests015SourceFileBatchbC0C48testAllProcessedFilesContainsCorrespondingErrorsyyYaKFSSSicACcfu_SSSicfu0_
FNDA:1,$s20LocalizeCheckerTests015SourceFileBatchbC0C48testAllProcessedFilesContainsCorrespondingErrorsyyYaKFypSgyKXEfu1_
FNDA:21,$s20LocalizeCheckerTests015SourceFileBatchbC0C48testAllProcessedFilesContainsCorrespondingErrorsyyYaKFSay0aB012ErrorMessageVGAH_AGtYaXEfU_
FNDA:1,$s20LocalizeCheckerTests015SourceFileBatchbC0C48testAllProcessedFilesContainsCorrespondingErrorsyyYaKFSbyKXEfu2_
FNDA:21,$s20LocalizeCheckerTests015SourceFileBatchbC0C48testAllProcessedFilesContainsCorrespondingErrorsyyYaKFSbyKXEfu2_Sb0aB012ErrorMessageVXEfU0_
FNDA:1,$s20LocalizeCheckerTests015SourceFileBatchbC0C44testAllProcessedFilesDoesNotContainAnyErrorsyyYaKF
FNDA:1,$s20LocalizeCheckerTests015SourceFileBatchbC0C44testAllProcessedFilesDoesNotContainAnyErrorsyyYaKFSSSicACcfu_
FNDA:21,$s20LocalizeCheckerTests015SourceFileBatchbC0C44testAllProcessedFilesDoesNotContainAnyErrorsyyYaKFSSSicACcfu_SSSicfu0_
FNDA:0,$s20LocalizeCheckerTests015SourceFileBatchbC0C44testAllProcessedFilesDoesNotContainAnyErrorsyyYaKFSay0aB012ErrorMessageVGAH_AGtYaXEfU_
FNDA:1,$s20LocalizeCheckerTests015SourceFileBatchbC0C44testAllProcessedFilesDoesNotContainAnyErrorsyyYaKFSbyKXEfu1_
FNF:33
FNH:31
DA:7,1444
DA:8,1444
DA:9,1444
DA:10,1444
DA:11,1444
DA:12,1444
DA:13,1444
DA:15,3288
DA:16,3288
DA:17,3288
DA:19,2387
DA:20,2387
DA:21,2387
DA:23,0
DA:24,0
DA:25,0
DA:27,1444
DA:28,1444
DA:29,1444
DA:30,1444
DA:31,1444
DA:32,1444
DA:33,1444
DA:34,1444
DA:36,1
DA:37,1
DA:38,1
DA:39,1
DA:40,1
DA:46,1
DA:47,1
DA:48,1
DA:49,1
DA:50,402
DA:51,402
DA:52,401
DA:53,401
DA:54,401
DA:55,401
DA:56,401
DA:57,401
DA:58,401
DA:59,1
DA:60,1
DA:61,1
DA:62,1
DA:63,1
DA:64,1
DA:65,1
DA:66,401
DA:67,401
DA:68,401
DA:69,1
DA:70,1
DA:71,1
DA:72,1
DA:73,1
DA:74,1
DA:75,1
DA:77,1
DA:78,1
DA:79,1
DA:80,1
DA:81,1
DA:82,1
DA:83,501
DA:84,500
DA:85,500
DA:86,500
DA:87,500
DA:88,500
DA:89,500
DA:90,500
DA:91,501
DA:92,501
DA:93,501
DA:94,501
DA:95,501
DA:96,501
DA:97,501
DA:98,1
DA:99,1
DA:100,501
DA:101,1
DA:102,1
DA:103,1
DA:104,1
DA:105,500
DA:106,500
DA:107,500
DA:108,1
DA:109,1
DA:110,1
DA:111,1
DA:113,1
DA:114,1
DA:115,1
DA:116,1
DA:117,22
DA:118,21
DA:119,21
DA:120,21
DA:121,21
DA:122,21
DA:123,21
DA:124,21
DA:125,1
DA:126,1
DA:127,1
DA:128,1
DA:129,1
DA:130,1
DA:131,1
DA:132,21
DA:133,21
DA:134,21
DA:135,1
DA:136,1
DA:137,21
DA:138,1
DA:140,1
DA:141,1
DA:142,1
DA:143,1
DA:144,22
DA:145,21
DA:146,21
DA:147,21
DA:148,21
DA:149,21
DA:150,21
DA:151,21
DA:152,1
DA:153,1
DA:154,1
DA:155,1
DA:156,1
DA:157,1
DA:158,1
DA:159,0
DA:160,0
DA:161,1
DA:162,1
DA:163,1
DA:164,1
BRF:0
BFH:0
LF:176
LH:170
end_of_record
SF:/Users/kyurichev/Documents/Dev/Tools/LocalizeChecker/Tests/LocalizeChecker/SourceFileCheckerTests.swift
FN:7,$s20LocalizeCheckerTests010SourceFilebC0C05inputD004withA3KeyS2S_tF
FN:19,$s20LocalizeCheckerTests010SourceFilebC0C8tearDownyyFZ
FN:21,$s20LocalizeCheckerTests010SourceFilebC0C8tearDownyyFZyyKXEfu_
FN:25,$s20LocalizeCheckerTests010SourceFilebC0C8tearDownyyF
FN:27,$s20LocalizeCheckerTests010SourceFilebC0C8tearDownyyFyyKXEfu_
FN:31,$s20LocalizeCheckerTests010SourceFilebC0C5setup33_BB7AD1B7D572158E9DB5FE585E34736ALL5inputySS_tF
FN:33,$s20LocalizeCheckerTests010SourceFilebC0C5setup33_BB7AD1B7D572158E9DB5FE585E34736ALL5inputySS_tFyyKXEfu_
FN:36,$s20LocalizeCheckerTests010SourceFilebC0C5setup33_BB7AD1B7D572158E9DB5FE585E34736ALL5inputySS_tFyyKXEfu0_
FN:44,$s20LocalizeCheckerTests010SourceFilebC0C04testdeB32WhenAllKnownKeysProducesNoIssuesyyKF
FN:57,$s20LocalizeCheckerTests010SourceFilebC0C04testdeB32WhenAllKnownKeysProducesNoIssuesyyKFSbyKXEfu_
FN:57,$s20LocalizeCheckerTests010SourceFilebC0C04testdeB32WhenAllKnownKeysProducesNoIssuesyyKFSSyXEfu0_
FN:60,$s20LocalizeCheckerTests010SourceFilebC0C04testdeB30WhenUnknownKeyProducesOneIssueyyKF
FN:79,$s20LocalizeCheckerTests010SourceFilebC0C04testdeB30WhenUnknownKeyProducesOneIssueyyKFSay0aB012ErrorMessageVGyKXEfu_
FN:79,$s20LocalizeCheckerTests010SourceFilebC0C04testdeB30WhenUnknownKeyProducesOneIssueyyKFSay0aB012ErrorMessageVGyKXEfu0_
FN:82,$s20LocalizeCheckerTests010SourceFilebC0C04testdeB38OnKeyWithInterpolationProducesNoIssuesyyKF
FN:95,$s20LocalizeCheckerTests010SourceFilebC0C04testdeB38OnKeyWithInterpolationProducesNoIssuesyyKFSbyKXEfu_
FNDA:3,$s20LocalizeCheckerTests010SourceFilebC0C05inputD004withA3KeyS2S_tF
FNDA:1,$s20LocalizeCheckerTests010SourceFilebC0C8tearDownyyFZ
FNDA:1,$s20LocalizeCheckerTests010SourceFilebC0C8tearDownyyFZyyKXEfu_
FNDA:3,$s20LocalizeCheckerTests010SourceFilebC0C8tearDownyyF
FNDA:3,$s20LocalizeCheckerTests010SourceFilebC0C8tearDownyyFyyKXEfu_
FNDA:3,$s20LocalizeCheckerTests010SourceFilebC0C5setup33_BB7AD1B7D572158E9DB5FE585E34736ALL5inputySS_tF
FNDA:3,$s20LocalizeCheckerTests010SourceFilebC0C5setup33_BB7AD1B7D572158E9DB5FE585E34736ALL5inputySS_tFyyKXEfu_
FNDA:3,$s20LocalizeCheckerTests010SourceFilebC0C5setup33_BB7AD1B7D572158E9DB5FE585E34736ALL5inputySS_tFyyKXEfu0_
FNDA:1,$s20LocalizeCheckerTests010SourceFilebC0C04testdeB32WhenAllKnownKeysProducesNoIssuesyyKF
FNDA:1,$s20LocalizeCheckerTests010SourceFilebC0C04testdeB32WhenAllKnownKeysProducesNoIssuesyyKFSbyKXEfu_
FNDA:0,$s20LocalizeCheckerTests010SourceFilebC0C04testdeB32WhenAllKnownKeysProducesNoIssuesyyKFSSyXEfu0_
FNDA:1,$s20LocalizeCheckerTests010SourceFilebC0C04testdeB30WhenUnknownKeyProducesOneIssueyyKF
FNDA:1,$s20LocalizeCheckerTests010SourceFilebC0C04testdeB30WhenUnknownKeyProducesOneIssueyyKFSay0aB012ErrorMessageVGyKXEfu_
FNDA:1,$s20LocalizeCheckerTests010SourceFilebC0C04testdeB30WhenUnknownKeyProducesOneIssueyyKFSay0aB012ErrorMessageVGyKXEfu0_
FNDA:1,$s20LocalizeCheckerTests010SourceFilebC0C04testdeB38OnKeyWithInterpolationProducesNoIssuesyyKF
FNDA:1,$s20LocalizeCheckerTests010SourceFilebC0C04testdeB38OnKeyWithInterpolationProducesNoIssuesyyKFSbyKXEfu_
FNF:16
FNH:15
DA:7,3
DA:8,3
DA:9,3
DA:10,3
DA:11,3
DA:12,3
DA:13,3
DA:19,1
DA:20,1
DA:21,1
DA:22,1
DA:23,1
DA:25,3
DA:26,3
DA:27,3
DA:28,3
DA:29,3
DA:31,3
DA:32,3
DA:33,3
DA:34,3
DA:35,3
DA:36,3
DA:37,3
DA:38,3
DA:44,1
DA:45,1
DA:46,1
DA:47,1
DA:48,1
DA:49,1
DA:50,1
DA:51,1
DA:52,1
DA:53,1
DA:54,1
DA:55,1
DA:56,1
DA:57,1
DA:58,1
DA:60,1
DA:61,1
DA:62,1
DA:63,1
DA:64,1
DA:65,1
DA:66,1
DA:67,1
DA:68,1
DA:69,1
DA:70,1
DA:71,1
DA:72,1
DA:73,1
DA:74,1
DA:75,1
DA:76,1
DA:77,1
DA:78,1
DA:79,1
DA:80,1
DA:82,1
DA:83,1
DA:84,1
DA:85,1
DA:86,1
DA:87,1
DA:88,1
DA:89,1
DA:90,1
DA:91,1
DA:92,1
DA:93,1
DA:94,1
DA:95,1
DA:96,1
BRF:0
BFH:0
LF:85
LH:84
end_of_record
